<?xml version="1.0" encoding="UTF-8"?>
<testsuite name="CalcTest" tests="1" skipped="0" failures="0" errors="0" timestamp="2019-11-27T17:15:25" hostname="LAPTOP-D9ECJ10J" time="0.007">
  <properties/>
  <testcase name="Suma_N_numeros_separados_comas_calculadora" classname="CalcTest" time="0.007"/>
  <system-out><![CDATA[]]></system-out>
  <system-err><![CDATA[]]></system-err>
</testsuite>
